0 info it worked if it ends with ok
1 verbose cli [ '/Users/baco/.nodebrew/node/v7.7.2/bin/node',
1 verbose cli   '/Users/baco/.nodebrew/current/bin/npm',
1 verbose cli   'run',
1 verbose cli   'start' ]
2 info using npm@4.1.2
3 info using node@v7.7.2
4 verbose run-script [ 'prestart', 'start', 'poststart' ]
5 info lifecycle react-redux-threejs-example@1.0.0~prestart: react-redux-threejs-example@1.0.0
6 silly lifecycle react-redux-threejs-example@1.0.0~prestart: no script for prestart, continuing
7 info lifecycle react-redux-threejs-example@1.0.0~start: react-redux-threejs-example@1.0.0
8 verbose lifecycle react-redux-threejs-example@1.0.0~start: unsafe-perm in lifecycle true
9 verbose lifecycle react-redux-threejs-example@1.0.0~start: PATH: /Users/baco/.nodebrew/node/v7.7.2/lib/node_modules/npm/bin/node-gyp-bin:/Users/baco/dev.local/github.baco16g/react3_test/node_modules/.bin:/Users/baco/.rbenv/shims:/Users/baco/.rbenv/shims:/Users/baco/dev.local/my_study/00.pix2pix_project/distro/install/bin:/Users/baco/anaconda/bin:/Users/baco/.pyenv/shims:/Users/baco/.pyenv/bin:/Users/baco/.nodebrew/current/bin:/usr/local/bin:/usr/bin:/bin:/usr/sbin:/sbin:/opt/X11/bin
10 verbose lifecycle react-redux-threejs-example@1.0.0~start: CWD: /Users/baco/dev.local/github.baco16g/react3_test
11 silly lifecycle react-redux-threejs-example@1.0.0~start: Args: [ '-c',
11 silly lifecycle   'NODE_ENV=dev webpack-dev-server --watch-poll --host 0.0.0.0 --port 3000 --inline --progress --colors --config webpack.config.dev.babel.js' ]
12 silly lifecycle react-redux-threejs-example@1.0.0~start: Returned: code: 1  signal: null
13 info lifecycle react-redux-threejs-example@1.0.0~start: Failed to exec start script
14 verbose stack Error: react-redux-threejs-example@1.0.0 start: `NODE_ENV=dev webpack-dev-server --watch-poll --host 0.0.0.0 --port 3000 --inline --progress --colors --config webpack.config.dev.babel.js`
14 verbose stack Exit status 1
14 verbose stack     at EventEmitter.<anonymous> (/Users/baco/.nodebrew/node/v7.7.2/lib/node_modules/npm/lib/utils/lifecycle.js:279:16)
14 verbose stack     at emitTwo (events.js:106:13)
14 verbose stack     at EventEmitter.emit (events.js:194:7)
14 verbose stack     at ChildProcess.<anonymous> (/Users/baco/.nodebrew/node/v7.7.2/lib/node_modules/npm/lib/utils/spawn.js:40:14)
14 verbose stack     at emitTwo (events.js:106:13)
14 verbose stack     at ChildProcess.emit (events.js:194:7)
14 verbose stack     at maybeClose (internal/child_process.js:899:16)
14 verbose stack     at Process.ChildProcess._handle.onexit (internal/child_process.js:226:5)
15 verbose pkgid react-redux-threejs-example@1.0.0
16 verbose cwd /Users/baco/dev.local/github.baco16g/react3_test
17 error Darwin 16.7.0
18 error argv "/Users/baco/.nodebrew/node/v7.7.2/bin/node" "/Users/baco/.nodebrew/current/bin/npm" "run" "start"
19 error node v7.7.2
20 error npm  v4.1.2
21 error code ELIFECYCLE
22 error react-redux-threejs-example@1.0.0 start: `NODE_ENV=dev webpack-dev-server --watch-poll --host 0.0.0.0 --port 3000 --inline --progress --colors --config webpack.config.dev.babel.js`
22 error Exit status 1
23 error Failed at the react-redux-threejs-example@1.0.0 start script 'NODE_ENV=dev webpack-dev-server --watch-poll --host 0.0.0.0 --port 3000 --inline --progress --colors --config webpack.config.dev.babel.js'.
23 error Make sure you have the latest version of node.js and npm installed.
23 error If you do, this is most likely a problem with the react-redux-threejs-example package,
23 error not with npm itself.
23 error Tell the author that this fails on your system:
23 error     NODE_ENV=dev webpack-dev-server --watch-poll --host 0.0.0.0 --port 3000 --inline --progress --colors --config webpack.config.dev.babel.js
23 error You can get information on how to open an issue for this project with:
23 error     npm bugs react-redux-threejs-example
23 error Or if that isn't available, you can get their info via:
23 error     npm owner ls react-redux-threejs-example
23 error There is likely additional logging output above.
24 verbose exit [ 1, true ]
